0 info it worked if it ends with ok
1 verbose cli [ '/usr/bin/node', '/usr/bin/npm', 'install' ]
2 info using npm@1.4.28
3 info using node@v0.10.40
4 verbose node symlink /usr/bin/node
5 verbose readDependencies using package.json deps
6 verbose install where, deps [ '/home/bd/Documents/portfolio',
6 verbose install   [ 'laravel-elixir', 'bootstrap-sass', 'gulp' ] ]
7 info preinstall @
8 verbose readDependencies using package.json deps
9 verbose cache add [ 'laravel-elixir@^3.0.0', null ]
10 verbose cache add name=undefined spec="laravel-elixir@^3.0.0" args=["laravel-elixir@^3.0.0",null]
11 verbose parsed url { protocol: null,
11 verbose parsed url   slashes: null,
11 verbose parsed url   auth: null,
11 verbose parsed url   host: null,
11 verbose parsed url   port: null,
11 verbose parsed url   hostname: null,
11 verbose parsed url   hash: null,
11 verbose parsed url   search: null,
11 verbose parsed url   query: null,
11 verbose parsed url   pathname: 'laravel-elixir@^3.0.0',
11 verbose parsed url   path: 'laravel-elixir@^3.0.0',
11 verbose parsed url   href: 'laravel-elixir@^3.0.0' }
12 verbose cache add [ 'bootstrap-sass@^3.0.0', null ]
13 verbose cache add name=undefined spec="bootstrap-sass@^3.0.0" args=["bootstrap-sass@^3.0.0",null]
14 verbose parsed url { protocol: null,
14 verbose parsed url   slashes: null,
14 verbose parsed url   auth: null,
14 verbose parsed url   host: null,
14 verbose parsed url   port: null,
14 verbose parsed url   hostname: null,
14 verbose parsed url   hash: null,
14 verbose parsed url   search: null,
14 verbose parsed url   query: null,
14 verbose parsed url   pathname: 'bootstrap-sass@^3.0.0',
14 verbose parsed url   path: 'bootstrap-sass@^3.0.0',
14 verbose parsed url   href: 'bootstrap-sass@^3.0.0' }
15 verbose cache add [ 'gulp@^3.8.8', null ]
16 verbose cache add name=undefined spec="gulp@^3.8.8" args=["gulp@^3.8.8",null]
17 verbose parsed url { protocol: null,
17 verbose parsed url   slashes: null,
17 verbose parsed url   auth: null,
17 verbose parsed url   host: null,
17 verbose parsed url   port: null,
17 verbose parsed url   hostname: null,
17 verbose parsed url   hash: null,
17 verbose parsed url   search: null,
17 verbose parsed url   query: null,
17 verbose parsed url   pathname: 'gulp@^3.8.8',
17 verbose parsed url   path: 'gulp@^3.8.8',
17 verbose parsed url   href: 'gulp@^3.8.8' }
18 verbose cache add name="laravel-elixir" spec="^3.0.0" args=["laravel-elixir","^3.0.0"]
19 verbose parsed url { protocol: null,
19 verbose parsed url   slashes: null,
19 verbose parsed url   auth: null,
19 verbose parsed url   host: null,
19 verbose parsed url   port: null,
19 verbose parsed url   hostname: null,
19 verbose parsed url   hash: null,
19 verbose parsed url   search: null,
19 verbose parsed url   query: null,
19 verbose parsed url   pathname: '^3.0.0',
19 verbose parsed url   path: '^3.0.0',
19 verbose parsed url   href: '^3.0.0' }
20 verbose addNamed [ 'laravel-elixir', '^3.0.0' ]
21 verbose addNamed [ null, '>=3.0.0-0 <4.0.0-0' ]
22 verbose cache add name="bootstrap-sass" spec="^3.0.0" args=["bootstrap-sass","^3.0.0"]
23 verbose parsed url { protocol: null,
23 verbose parsed url   slashes: null,
23 verbose parsed url   auth: null,
23 verbose parsed url   host: null,
23 verbose parsed url   port: null,
23 verbose parsed url   hostname: null,
23 verbose parsed url   hash: null,
23 verbose parsed url   search: null,
23 verbose parsed url   query: null,
23 verbose parsed url   pathname: '^3.0.0',
23 verbose parsed url   path: '^3.0.0',
23 verbose parsed url   href: '^3.0.0' }
24 verbose addNamed [ 'bootstrap-sass', '^3.0.0' ]
25 verbose addNamed [ null, '>=3.0.0-0 <4.0.0-0' ]
26 verbose cache add name="gulp" spec="^3.8.8" args=["gulp","^3.8.8"]
27 verbose parsed url { protocol: null,
27 verbose parsed url   slashes: null,
27 verbose parsed url   auth: null,
27 verbose parsed url   host: null,
27 verbose parsed url   port: null,
27 verbose parsed url   hostname: null,
27 verbose parsed url   hash: null,
27 verbose parsed url   search: null,
27 verbose parsed url   query: null,
27 verbose parsed url   pathname: '^3.8.8',
27 verbose parsed url   path: '^3.8.8',
27 verbose parsed url   href: '^3.8.8' }
28 verbose addNamed [ 'gulp', '^3.8.8' ]
29 verbose addNamed [ null, '>=3.8.8-0 <4.0.0-0' ]
30 silly lockFile 6f656a2c-laravel-elixir-3-0-0 laravel-elixir@^3.0.0
31 verbose lock laravel-elixir@^3.0.0 /home/bd/.npm/6f656a2c-laravel-elixir-3-0-0.lock
32 silly lockFile d9f814aa-bootstrap-sass-3-0-0 bootstrap-sass@^3.0.0
33 verbose lock bootstrap-sass@^3.0.0 /home/bd/.npm/d9f814aa-bootstrap-sass-3-0-0.lock
34 silly lockFile ed47fb09-gulp-3-8-8 gulp@^3.8.8
35 verbose lock gulp@^3.8.8 /home/bd/.npm/ed47fb09-gulp-3-8-8.lock
36 silly addNameRange { name: 'laravel-elixir',
36 silly addNameRange   range: '>=3.0.0-0 <4.0.0-0',
36 silly addNameRange   hasData: false }
37 silly addNameRange { name: 'bootstrap-sass',
37 silly addNameRange   range: '>=3.0.0-0 <4.0.0-0',
37 silly addNameRange   hasData: false }
38 silly addNameRange { name: 'gulp', range: '>=3.8.8-0 <4.0.0-0', hasData: false }
39 verbose request where is /laravel-elixir
40 verbose request registry https://registry.npmjs.org/
41 verbose request id 7ae087ff60b0d85f
42 verbose url raw /laravel-elixir
43 verbose url resolving [ 'https://registry.npmjs.org/', './laravel-elixir' ]
44 verbose url resolved https://registry.npmjs.org/laravel-elixir
45 verbose request where is https://registry.npmjs.org/laravel-elixir
46 info trying registry request attempt 1 at 11:13:52
47 http GET https://registry.npmjs.org/laravel-elixir
48 verbose request where is /bootstrap-sass
49 verbose request registry https://registry.npmjs.org/
50 verbose url raw /bootstrap-sass
51 verbose url resolving [ 'https://registry.npmjs.org/', './bootstrap-sass' ]
52 verbose url resolved https://registry.npmjs.org/bootstrap-sass
53 verbose request where is https://registry.npmjs.org/bootstrap-sass
54 info trying registry request attempt 1 at 11:13:52
55 http GET https://registry.npmjs.org/bootstrap-sass
56 verbose request where is /gulp
57 verbose request registry https://registry.npmjs.org/
58 verbose url raw /gulp
59 verbose url resolving [ 'https://registry.npmjs.org/', './gulp' ]
60 verbose url resolved https://registry.npmjs.org/gulp
61 verbose request where is https://registry.npmjs.org/gulp
62 info trying registry request attempt 1 at 11:13:52
63 verbose etag "41O82HNKBT8Z1VKIXBW3JBC3X"
64 http GET https://registry.npmjs.org/gulp
65 http 200 https://registry.npmjs.org/bootstrap-sass
66 silly registry.get cb [ 200,
66 silly registry.get   { server: 'CouchDB/1.5.0 (Erlang OTP/R16B03)',
66 silly registry.get     etag: '"222LDEHR46XIS27VQ27I94MMD"',
66 silly registry.get     'content-type': 'application/json',
66 silly registry.get     'cache-control': 'max-age=60',
66 silly registry.get     'content-length': '24334',
66 silly registry.get     'accept-ranges': 'bytes',
66 silly registry.get     date: 'Tue, 27 Oct 2015 15:13:52 GMT',
66 silly registry.get     via: '1.1 varnish',
66 silly registry.get     age: '5',
66 silly registry.get     connection: 'keep-alive',
66 silly registry.get     'x-served-by': 'cache-jfk1021-JFK',
66 silly registry.get     'x-cache': 'HIT',
66 silly registry.get     'x-cache-hits': '1',
66 silly registry.get     'x-timer': 'S1445958832.779453,VS0,VE0',
66 silly registry.get     vary: 'Accept' } ]
67 silly addNameRange number 2 { name: 'bootstrap-sass',
67 silly addNameRange   range: '>=3.0.0-0 <4.0.0-0',
67 silly addNameRange   hasData: true }
68 silly addNameRange versions [ 'bootstrap-sass',
68 silly addNameRange   [ '2.3.2',
68 silly addNameRange     '3.1.1',
68 silly addNameRange     '3.2.0',
68 silly addNameRange     '3.3.0',
68 silly addNameRange     '3.3.1',
68 silly addNameRange     '3.3.2',
68 silly addNameRange     '3.3.3',
68 silly addNameRange     '3.3.4',
68 silly addNameRange     '3.3.5' ] ]
69 verbose addNamed [ 'bootstrap-sass', '3.3.5' ]
70 verbose addNamed [ '3.3.5', '3.3.5' ]
71 silly lockFile 03419ed4-bootstrap-sass-3-3-5 bootstrap-sass@3.3.5
72 verbose lock bootstrap-sass@3.3.5 /home/bd/.npm/03419ed4-bootstrap-sass-3-3-5.lock
73 silly lockFile aa156063-ap-sass-bootstrap-sass-3-3-5-tgz https://registry.npmjs.org/bootstrap-sass/-/bootstrap-sass-3.3.5.tgz
74 verbose lock https://registry.npmjs.org/bootstrap-sass/-/bootstrap-sass-3.3.5.tgz /home/bd/.npm/aa156063-ap-sass-bootstrap-sass-3-3-5-tgz.lock
75 verbose addRemoteTarball [ 'https://registry.npmjs.org/bootstrap-sass/-/bootstrap-sass-3.3.5.tgz',
75 verbose addRemoteTarball   '89f213751ee01cde0dc1f63a51e9b3521dd20ebc' ]
76 info retry fetch attempt 1 at 11:13:52
77 verbose fetch to= /tmp/npm-11923-8TgWR8At/registry.npmjs.org/bootstrap-sass/-/bootstrap-sass-3.3.5.tgz
78 http GET https://registry.npmjs.org/bootstrap-sass/-/bootstrap-sass-3.3.5.tgz
79 http 200 https://registry.npmjs.org/gulp
80 silly registry.get cb [ 200,
80 silly registry.get   { server: 'CouchDB/1.5.0 (Erlang OTP/R16B03)',
80 silly registry.get     etag: '"DBMGUVGANFVKV9ZQL7ALL72B8"',
80 silly registry.get     'content-type': 'application/json',
80 silly registry.get     'cache-control': 'max-age=60',
80 silly registry.get     'content-length': '107367',
80 silly registry.get     'accept-ranges': 'bytes',
80 silly registry.get     date: 'Tue, 27 Oct 2015 15:13:52 GMT',
80 silly registry.get     via: '1.1 varnish',
80 silly registry.get     age: '4',
80 silly registry.get     connection: 'keep-alive',
80 silly registry.get     'x-served-by': 'cache-jfk1034-JFK',
80 silly registry.get     'x-cache': 'HIT',
80 silly registry.get     'x-cache-hits': '1',
80 silly registry.get     'x-timer': 'S1445958832.784131,VS0,VE1',
80 silly registry.get     vary: 'Accept' } ]
81 silly addNameRange number 2 { name: 'gulp', range: '>=3.8.8-0 <4.0.0-0', hasData: true }
82 silly addNameRange versions [ 'gulp',
82 silly addNameRange   [ '0.0.1',
82 silly addNameRange     '0.0.2',
82 silly addNameRange     '0.0.3',
82 silly addNameRange     '0.0.4',
82 silly addNameRange     '0.0.5',
82 silly addNameRange     '0.0.7',
82 silly addNameRange     '0.0.8',
82 silly addNameRange     '0.0.9',
82 silly addNameRange     '0.1.0',
82 silly addNameRange     '0.2.0',
82 silly addNameRange     '1.0.0',
82 silly addNameRange     '1.1.0',
82 silly addNameRange     '1.2.0',
82 silly addNameRange     '1.2.1',
82 silly addNameRange     '2.0.0',
82 silly addNameRange     '2.0.1',
82 silly addNameRange     '2.1.0',
82 silly addNameRange     '2.2.0',
82 silly addNameRange     '2.3.0',
82 silly addNameRange     '2.4.0',
82 silly addNameRange     '2.4.1',
82 silly addNameRange     '2.6.0',
82 silly addNameRange     '2.6.1',
82 silly addNameRange     '2.7.0',
82 silly addNameRange     '3.0.0',
82 silly addNameRange     '3.1.1',
82 silly addNameRange     '3.1.2',
82 silly addNameRange     '3.1.3',
82 silly addNameRange     '3.1.4',
82 silly addNameRange     '3.2.0',
82 silly addNameRange     '3.2.1',
82 silly addNameRange     '3.2.2',
82 silly addNameRange     '3.2.3',
82 silly addNameRange     '3.2.4',
82 silly addNameRange     '3.2.5',
82 silly addNameRange     '3.3.0',
82 silly addNameRange     '3.3.1',
82 silly addNameRange     '3.3.2',
82 silly addNameRange     '3.3.4',
82 silly addNameRange     '3.4.0',
82 silly addNameRange     '3.5.0',
82 silly addNameRange     '3.5.1',
82 silly addNameRange     '3.5.2',
82 silly addNameRange     '3.5.5',
82 silly addNameRange     '3.5.6',
82 silly addNameRange     '3.6.0',
82 silly addNameRange     '3.6.1',
82 silly addNameRange     '3.6.2',
82 silly addNameRange     '3.7.0',
82 silly addNameRange     '3.8.0',
82 silly addNameRange     '3.8.1',
82 silly addNameRange     '3.8.2',
82 silly addNameRange     '3.8.3',
82 silly addNameRange     '3.8.4',
82 silly addNameRange     '3.8.5',
82 silly addNameRange     '3.8.6',
82 silly addNameRange     '3.8.7',
82 silly addNameRange     '3.8.8',
82 silly addNameRange     '3.8.9',
82 silly addNameRange     '3.8.10',
82 silly addNameRange     '3.8.11',
82 silly addNameRange     '3.9.0' ] ]
83 verbose addNamed [ 'gulp', '3.9.0' ]
84 verbose addNamed [ '3.9.0', '3.9.0' ]
85 silly lockFile c2697a61-gulp-3-9-0 gulp@3.9.0
86 verbose lock gulp@3.9.0 /home/bd/.npm/c2697a61-gulp-3-9-0.lock
87 silly lockFile af4766b8-ry-npmjs-org-gulp-gulp-3-9-0-tgz https://registry.npmjs.org/gulp/-/gulp-3.9.0.tgz
88 verbose lock https://registry.npmjs.org/gulp/-/gulp-3.9.0.tgz /home/bd/.npm/af4766b8-ry-npmjs-org-gulp-gulp-3-9-0-tgz.lock
89 verbose addRemoteTarball [ 'https://registry.npmjs.org/gulp/-/gulp-3.9.0.tgz',
89 verbose addRemoteTarball   'cf1fba4cb558bb8c6ae6c9613f583ae2620d214a' ]
90 info retry fetch attempt 1 at 11:13:52
91 verbose fetch to= /tmp/npm-11923-8TgWR8At/registry.npmjs.org/gulp/-/gulp-3.9.0.tgz
92 http GET https://registry.npmjs.org/gulp/-/gulp-3.9.0.tgz
93 http 200 https://registry.npmjs.org/gulp/-/gulp-3.9.0.tgz
94 silly lockFile af4766b8-ry-npmjs-org-gulp-gulp-3-9-0-tgz https://registry.npmjs.org/gulp/-/gulp-3.9.0.tgz
95 silly lockFile af4766b8-ry-npmjs-org-gulp-gulp-3-9-0-tgz https://registry.npmjs.org/gulp/-/gulp-3.9.0.tgz
96 silly lockFile c2697a61-gulp-3-9-0 gulp@3.9.0
97 silly lockFile c2697a61-gulp-3-9-0 gulp@3.9.0
98 silly lockFile ed47fb09-gulp-3-8-8 gulp@^3.8.8
99 silly lockFile ed47fb09-gulp-3-8-8 gulp@^3.8.8
100 http 200 https://registry.npmjs.org/bootstrap-sass/-/bootstrap-sass-3.3.5.tgz
101 silly lockFile aa156063-ap-sass-bootstrap-sass-3-3-5-tgz https://registry.npmjs.org/bootstrap-sass/-/bootstrap-sass-3.3.5.tgz
102 silly lockFile aa156063-ap-sass-bootstrap-sass-3-3-5-tgz https://registry.npmjs.org/bootstrap-sass/-/bootstrap-sass-3.3.5.tgz
103 silly lockFile 03419ed4-bootstrap-sass-3-3-5 bootstrap-sass@3.3.5
104 silly lockFile 03419ed4-bootstrap-sass-3-3-5 bootstrap-sass@3.3.5
105 silly lockFile d9f814aa-bootstrap-sass-3-0-0 bootstrap-sass@^3.0.0
106 silly lockFile d9f814aa-bootstrap-sass-3-0-0 bootstrap-sass@^3.0.0
107 http 200 https://registry.npmjs.org/laravel-elixir
108 silly registry.get cb [ 200,
108 silly registry.get   { server: 'CouchDB/1.5.0 (Erlang OTP/R16B03)',
108 silly registry.get     etag: '"F1MXUCSSDQ2IZD897HQ5ODWMW"',
108 silly registry.get     'content-type': 'application/json',
108 silly registry.get     'cache-control': 'max-age=60',
108 silly registry.get     'content-length': '274542',
108 silly registry.get     'accept-ranges': 'bytes',
108 silly registry.get     date: 'Tue, 27 Oct 2015 15:13:57 GMT',
108 silly registry.get     via: '1.1 varnish',
108 silly registry.get     age: '0',
108 silly registry.get     connection: 'keep-alive',
108 silly registry.get     'x-served-by': 'cache-jfk1031-JFK',
108 silly registry.get     'x-cache': 'HIT',
108 silly registry.get     'x-cache-hits': '1',
108 silly registry.get     'x-timer': 'S1445958837.767313,VS0,VE89',
108 silly registry.get     vary: 'Accept' } ]
109 silly addNameRange number 2 { name: 'laravel-elixir',
109 silly addNameRange   range: '>=3.0.0-0 <4.0.0-0',
109 silly addNameRange   hasData: true }
110 silly addNameRange versions [ 'laravel-elixir',
110 silly addNameRange   [ '0.1.0',
110 silly addNameRange     '0.1.1',
110 silly addNameRange     '0.1.2',
110 silly addNameRange     '0.1.3',
110 silly addNameRange     '0.1.4',
110 silly addNameRange     '0.1.5',
110 silly addNameRange     '0.1.6',
110 silly addNameRange     '0.1.7',
110 silly addNameRange     '0.1.8',
110 silly addNameRange     '0.1.9',
110 silly addNameRange     '0.2.0',
110 silly addNameRange     '0.2.1',
110 silly addNameRange     '0.2.2',
110 silly addNameRange     '0.3.0',
110 silly addNameRange     '0.3.1',
110 silly addNameRange     '0.3.2',
110 silly addNameRange     '0.3.3',
110 silly addNameRange     '0.3.4',
110 silly addNameRange     '0.3.5',
110 silly addNameRange     '0.3.7',
110 silly addNameRange     '0.3.8',
110 silly addNameRange     '0.3.9',
110 silly addNameRange     '0.3.10',
110 silly addNameRange     '0.3.11',
110 silly addNameRange     '0.4.0',
110 silly addNameRange     '0.4.1',
110 silly addNameRange     '0.4.3',
110 silly addNameRange     '0.4.4',
110 silly addNameRange     '0.4.5',
110 silly addNameRange     '0.4.6',
110 silly addNameRange     '0.4.7',
110 silly addNameRange     '0.4.8',
110 silly addNameRange     '0.4.9',
110 silly addNameRange     '0.4.10',
110 silly addNameRange     '0.4.11',
110 silly addNameRange     '0.4.12',
110 silly addNameRange     '0.4.13',
110 silly addNameRange     '0.4.14',
110 silly addNameRange     '0.4.15',
110 silly addNameRange     '0.4.16',
110 silly addNameRange     '0.4.17',
110 silly addNameRange     '0.5.0',
110 silly addNameRange     '0.5.1',
110 silly addNameRange     '0.5.2',
110 silly addNameRange     '0.5.3',
110 silly addNameRange     '0.5.4',
110 silly addNameRange     '0.5.5',
110 silly addNameRange     '0.5.6',
110 silly addNameRange     '0.5.7',
110 silly addNameRange     '0.5.8',
110 silly addNameRange     '0.6.0',
110 silly addNameRange     '0.6.1',
110 silly addNameRange     '0.6.2',
110 silly addNameRange     '0.6.3',
110 silly addNameRange     '0.6.4',
110 silly addNameRange     '0.6.5',
110 silly addNameRange     '0.6.6',
110 silly addNameRange     '0.7.0',
110 silly addNameRange     '0.6.7',
110 silly addNameRange     '0.6.8',
110 silly addNameRange     '0.7.1',
110 silly addNameRange     '0.7.3',
110 silly addNameRange     '0.7.4',
110 silly addNameRange     '0.7.5',
110 silly addNameRange     '0.7.6',
110 silly addNameRange     '0.7.7',
110 silly addNameRange     '0.7.8',
110 silly addNameRange     '0.7.9',
110 silly addNameRange     '0.7.10',
110 silly addNameRange     '0.7.11',
110 silly addNameRange     '0.8.0',
110 silly addNameRange     '0.8.1',
110 silly addNameRange     '0.9.1',
110 silly addNameRange     '0.10.0',
110 silly addNameRange     '0.10.1',
110 silly addNameRange     '0.10.2',
110 silly addNameRange     '0.10.3',
110 silly addNameRange     '0.10.4',
110 silly addNameRange     '0.10.5',
110 silly addNameRange     '0.10.6',
110 silly addNameRange     '0.10.7',
110 silly addNameRange     '0.11.0',
110 silly addNameRange     '0.12.0',
110 silly addNameRange     '0.12.2',
110 silly addNameRange     '0.12.3',
110 silly addNameRange     '0.13.0',
110 silly addNameRange     '0.13.1',
110 silly addNameRange     '0.13.2',
110 silly addNameRange     '0.13.3',
110 silly addNameRange     '0.14.0',
110 silly addNameRange     '0.14.2',
110 silly addNameRange     '0.14.3',
110 silly addNameRange     '0.14.4',
110 silly addNameRange     '0.15.0',
110 silly addNameRange     '0.15.1',
110 silly addNameRange     '0.15.2',
110 silly addNameRange     '0.15.3',
110 silly addNameRange     '0.15.4',
110 silly addNameRange     '0.15.5',
110 silly addNameRange     '0.16.0',
110 silly addNameRange     '0.16.1',
110 silly addNameRange     '0.16.2',
110 silly addNameRange     '0.16.3',
110 silly addNameRange     '0.18.0',
110 silly addNameRange     '0.18.1',
110 silly addNameRange     '0.18.2',
110 silly addNameRange     '0.18.3',
110 silly addNameRange     '0.18.4',
110 silly addNameRange     '0.18.5',
110 silly addNameRange     '0.18.6',
110 silly addNameRange     '0.18.7',
110 silly addNameRange     '1.0.1',
110 silly addNameRange     '1.0.2',
110 silly addNameRange     '1.0.3',
110 silly addNameRange     '2.0.0',
110 silly addNameRange     '2.0.1',
110 silly addNameRange     '2.1.0',
110 silly addNameRange     '2.1.1',
110 silly addNameRange     '2.1.2',
110 silly addNameRange     '2.2.0',
110 silly addNameRange     '2.2.1',
110 silly addNameRange     '2.2.2',
110 silly addNameRange     '2.2.3',
110 silly addNameRange     '2.2.4',
110 silly addNameRange     '2.3.0',
110 silly addNameRange     '2.3.1',
110 silly addNameRange     '2.3.2',
110 silly addNameRange     '2.3.3',
110 silly addNameRange     '2.3.4',
110 silly addNameRange     '2.3.5',
110 silly addNameRange     '2.3.6',
110 silly addNameRange     '2.3.8',
110 silly addNameRange     '2.3.9',
110 silly addNameRange     '2.3.10',
110 silly addNameRange     '2.3.11',
110 silly addNameRange     '2.3.12',
110 silly addNameRange     '2.3.13',
110 silly addNameRange     '3.0.0-beta1',
110 silly addNameRange     '3.0.0-beta2',
110 silly addNameRange     '3.0.0',
110 silly addNameRange     '3.0.1',
110 silly addNameRange     '3.0.3',
110 silly addNameRange     '3.0.4',
110 silly addNameRange     '3.0.5',
110 silly addNameRange     '3.0.6',
110 silly addNameRange     '3.0.7',
110 silly addNameRange     '3.1.0',
110 silly addNameRange     '3.1.1',
110 silly addNameRange     '3.1.2',
110 silly addNameRange     '3.2.1',
110 silly addNameRange     '3.2.2',
110 silly addNameRange     '3.2.3',
110 silly addNameRange     '3.2.4',
110 silly addNameRange     '3.2.5',
110 silly addNameRange     '3.2.6',
110 silly addNameRange     '3.2.7',
110 silly addNameRange     '3.2.8',
110 silly addNameRange     '3.3.0',
110 silly addNameRange     '3.3.1',
110 silly addNameRange     '3.3.2',
110 silly addNameRange     '3.3.3',
110 silly addNameRange     '3.3.4',
110 silly addNameRange     '3.3.5',
110 silly addNameRange     '3.4.0',
110 silly addNameRange     '3.4.1',
110 silly addNameRange     '3.4.2' ] ]
111 verbose addNamed [ 'laravel-elixir', '3.4.2' ]
112 verbose addNamed [ '3.4.2', '3.4.2' ]
113 silly lockFile 2d68a559-laravel-elixir-3-4-2 laravel-elixir@3.4.2
114 verbose lock laravel-elixir@3.4.2 /home/bd/.npm/2d68a559-laravel-elixir-3-4-2.lock
115 silly lockFile 5a9c01e8--elixir-laravel-elixir-3-4-2-tgz https://registry.npmjs.org/laravel-elixir/-/laravel-elixir-3.4.2.tgz
116 verbose lock https://registry.npmjs.org/laravel-elixir/-/laravel-elixir-3.4.2.tgz /home/bd/.npm/5a9c01e8--elixir-laravel-elixir-3-4-2-tgz.lock
117 verbose addRemoteTarball [ 'https://registry.npmjs.org/laravel-elixir/-/laravel-elixir-3.4.2.tgz',
117 verbose addRemoteTarball   'dd6446cfc388d1eeff6946e77b4fdcb6841cbb83' ]
118 info retry fetch attempt 1 at 11:13:57
119 verbose fetch to= /tmp/npm-11923-8TgWR8At/registry.npmjs.org/laravel-elixir/-/laravel-elixir-3.4.2.tgz
120 http GET https://registry.npmjs.org/laravel-elixir/-/laravel-elixir-3.4.2.tgz
121 http 200 https://registry.npmjs.org/laravel-elixir/-/laravel-elixir-3.4.2.tgz
122 silly lockFile 5a9c01e8--elixir-laravel-elixir-3-4-2-tgz https://registry.npmjs.org/laravel-elixir/-/laravel-elixir-3.4.2.tgz
123 silly lockFile 5a9c01e8--elixir-laravel-elixir-3-4-2-tgz https://registry.npmjs.org/laravel-elixir/-/laravel-elixir-3.4.2.tgz
124 silly lockFile 2d68a559-laravel-elixir-3-4-2 laravel-elixir@3.4.2
125 silly lockFile 2d68a559-laravel-elixir-3-4-2 laravel-elixir@3.4.2
126 silly lockFile 6f656a2c-laravel-elixir-3-0-0 laravel-elixir@^3.0.0
127 silly lockFile 6f656a2c-laravel-elixir-3-0-0 laravel-elixir@^3.0.0
128 error Error: EACCES, mkdir '/home/bd/.npm/gulp/3.9.0'
128 error  { [Error: EACCES, mkdir '/home/bd/.npm/gulp/3.9.0'] errno: 3, code: 'EACCES', path: '/home/bd/.npm/gulp/3.9.0' }
129 error Please try running this command again as root/Administrator.
130 error System Linux 3.19.0-30-generic
131 error command "/usr/bin/node" "/usr/bin/npm" "install"
132 error cwd /home/bd/Documents/portfolio
133 error node -v v0.10.40
134 error npm -v 1.4.28
135 error path /home/bd/.npm/gulp/3.9.0
136 error code EACCES
137 error errno 3
138 error stack Error: EACCES, mkdir '/home/bd/.npm/gulp/3.9.0'
139 verbose exit [ 3, true ]
